The system is: Linux - 5.14.0-162.6.1.el9_1.x86_64 - s390x
Compiling the CXX compiler identification source file "CMakeCXXCompilerId.cpp" succeeded.
Compiler: /usr/bin/c++ 
Build flags: 
Id flags:  

The output was:
0


Compilation of the CXX compiler identification source "CMakeCXXCompilerId.cpp" produced "a.out"

The CXX compiler identification is GNU, found in "/home/leorio/simdutf/builds390/CMakeFiles/3.16.3/CompilerIdCXX/a.out"

Determining if the CXX compiler works passed with the following output:
Change Dir: /home/leorio/simdutf/builds390/CMakeFiles/CMakeTmp

Run Build Command(s):/usr/bin/make cmTC_b3264/fast && /usr/bin/make -f CMakeFiles/cmTC_b3264.dir/build.make CMakeFiles/cmTC_b3264.dir/build
make[1]: Entering directory '/home/leorio/simdutf/builds390/CMakeFiles/CMakeTmp'
Building CXX object CMakeFiles/cmTC_b3264.dir/testCXXCompiler.cxx.o
/usr/bin/c++     -o CMakeFiles/cmTC_b3264.dir/testCXXCompiler.cxx.o -c /home/leorio/simdutf/builds390/CMakeFiles/CMakeTmp/testCXXCompiler.cxx
Linking CXX executable cmTC_b3264
/usr/bin/cmake -E cmake_link_script CMakeFiles/cmTC_b3264.dir/link.txt --verbose=1
/usr/bin/c++       CMakeFiles/cmTC_b3264.dir/testCXXCompiler.cxx.o  -o cmTC_b3264 
make[1]: Leaving directory '/home/leorio/simdutf/builds390/CMakeFiles/CMakeTmp'



Detecting CXX compiler ABI info compiled with the following output:
Change Dir: /home/leorio/simdutf/builds390/CMakeFiles/CMakeTmp

Run Build Command(s):/usr/bin/make cmTC_4968b/fast && /usr/bin/make -f CMakeFiles/cmTC_4968b.dir/build.make CMakeFiles/cmTC_4968b.dir/build
make[1]: Entering directory '/home/leorio/simdutf/builds390/CMakeFiles/CMakeTmp'
Building CXX object CMakeFiles/cmTC_4968b.dir/CMakeCXXCompilerABI.cpp.o
/usr/bin/c++    -v -o CMakeFiles/cmTC_4968b.dir/CMakeCXXCompilerABI.cpp.o -c /usr/share/cmake-3.16/Modules/CMakeCXXCompilerABI.cpp
Using built-in specs.
COLLECT_GCC=/usr/bin/c++
Target: s390x-linux-gnu
Configured with: ../src/configure -v --with-pkgversion='Ubuntu 9.4.0-1ubuntu1~20.04.1' --with-bugurl=file:///usr/share/doc/gcc-9/README.Bugs --enable-languages=c,ada,c++,go,d,fortran,objc,obj-c++,gm2 --prefix=/usr --with-gcc-major-version-only --program-suffix=-9 --program-prefix=s390x-linux-gnu- --enable-shared --enable-linker-build-id --libexecdir=/usr/lib --without-included-gettext --enable-threads=posix --libdir=/usr/lib --enable-nls --enable-clocale=gnu --enable-libstdcxx-debug --enable-libstdcxx-time=yes --with-default-libstdcxx-abi=new --enable-gnu-unique-object --disable-libquadmath --disable-libquadmath-support --enable-plugin --enable-default-pie --with-system-zlib --with-target-system-zlib=auto --enable-objc-gc=auto --enable-multiarch --disable-werror --with-arch=zEC12 --with-long-double-128 --enable-multilib --enable-checking=release --build=s390x-linux-gnu --host=s390x-linux-gnu --target=s390x-linux-gnu
Thread model: posix
gcc version 9.4.0 (Ubuntu 9.4.0-1ubuntu1~20.04.1) 
COLLECT_GCC_OPTIONS='-v' '-o' 'CMakeFiles/cmTC_4968b.dir/CMakeCXXCompilerABI.cpp.o' '-c' '-shared-libgcc' '-march=zEC12' '-m64' '-mzarch'
 /usr/lib/gcc/s390x-linux-gnu/9/cc1plus -quiet -v -imultiarch s390x-linux-gnu -D_GNU_SOURCE /usr/share/cmake-3.16/Modules/CMakeCXXCompilerABI.cpp -quiet -dumpbase CMakeCXXCompilerABI.cpp -march=zEC12 -m64 -mzarch -auxbase-strip CMakeFiles/cmTC_4968b.dir/CMakeCXXCompilerABI.cpp.o -version -fasynchronous-unwind-tables -fstack-protector-strong -Wformat -Wformat-security -fstack-clash-protection -o /tmp/cc2hXBjH.s
GNU C++14 (Ubuntu 9.4.0-1ubuntu1~20.04.1) version 9.4.0 (s390x-linux-gnu)
	compiled by GNU C version 9.4.0, GMP version 6.2.0, MPFR version 4.0.2, MPC version 1.1.0, isl version isl-0.22.1-GMP

GGC heuristics: --param ggc-min-expand=100 --param ggc-min-heapsize=131072
ignoring duplicate directory "/usr/include/s390x-linux-gnu/c++/9"
ignoring nonexistent directory "/usr/local/include/s390x-linux-gnu"
ignoring nonexistent directory "/usr/lib/gcc/s390x-linux-gnu/9/include-fixed"
ignoring nonexistent directory "/usr/lib/gcc/s390x-linux-gnu/9/../../../../s390x-linux-gnu/include"
#include "..." search starts here:
#include <...> search starts here:
 /usr/include/c++/9
 /usr/include/s390x-linux-gnu/c++/9
 /usr/include/c++/9/backward
 /usr/lib/gcc/s390x-linux-gnu/9/include
 /usr/local/include
 /usr/include/s390x-linux-gnu
 /usr/include
End of search list.
GNU C++14 (Ubuntu 9.4.0-1ubuntu1~20.04.1) version 9.4.0 (s390x-linux-gnu)
	compiled by GNU C version 9.4.0, GMP version 6.2.0, MPFR version 4.0.2, MPC version 1.1.0, isl version isl-0.22.1-GMP

GGC heuristics: --param ggc-min-expand=100 --param ggc-min-heapsize=131072
Compiler executable checksum: 129ff357e02d3a9d5a910bf61baa7388
COLLECT_GCC_OPTIONS='-v' '-o' 'CMakeFiles/cmTC_4968b.dir/CMakeCXXCompilerABI.cpp.o' '-c' '-shared-libgcc' '-march=zEC12' '-m64' '-mzarch'
 as -v -m64 -mzarch -march=zEC12 -o CMakeFiles/cmTC_4968b.dir/CMakeCXXCompilerABI.cpp.o /tmp/cc2hXBjH.s
GNU assembler version 2.34 (s390x-linux-gnu) using BFD version (GNU Binutils for Ubuntu) 2.34
COMPILER_PATH=/usr/lib/gcc/s390x-linux-gnu/9/:/usr/lib/gcc/s390x-linux-gnu/9/:/usr/lib/gcc/s390x-linux-gnu/:/usr/lib/gcc/s390x-linux-gnu/9/:/usr/lib/gcc/s390x-linux-gnu/
LIBRARY_PATH=/usr/lib/gcc/s390x-linux-gnu/9/:/usr/lib/gcc/s390x-linux-gnu/9/../../../s390x-linux-gnu/:/usr/lib/gcc/s390x-linux-gnu/9/../../../../lib/:/lib/s390x-linux-gnu/:/lib/../lib/:/usr/lib/s390x-linux-gnu/:/usr/lib/../lib/:/usr/lib/gcc/s390x-linux-gnu/9/../../../:/lib/:/usr/lib/
COLLECT_GCC_OPTIONS='-v' '-o' 'CMakeFiles/cmTC_4968b.dir/CMakeCXXCompilerABI.cpp.o' '-c' '-shared-libgcc' '-march=zEC12' '-m64' '-mzarch'
Linking CXX executable cmTC_4968b
/usr/bin/cmake -E cmake_link_script CMakeFiles/cmTC_4968b.dir/link.txt --verbose=1
/usr/bin/c++      -v CMakeFiles/cmTC_4968b.dir/CMakeCXXCompilerABI.cpp.o  -o cmTC_4968b 
Using built-in specs.
COLLECT_GCC=/usr/bin/c++
COLLECT_LTO_WRAPPER=/usr/lib/gcc/s390x-linux-gnu/9/lto-wrapper
Target: s390x-linux-gnu
Configured with: ../src/configure -v --with-pkgversion='Ubuntu 9.4.0-1ubuntu1~20.04.1' --with-bugurl=file:///usr/share/doc/gcc-9/README.Bugs --enable-languages=c,ada,c++,go,d,fortran,objc,obj-c++,gm2 --prefix=/usr --with-gcc-major-version-only --program-suffix=-9 --program-prefix=s390x-linux-gnu- --enable-shared --enable-linker-build-id --libexecdir=/usr/lib --without-included-gettext --enable-threads=posix --libdir=/usr/lib --enable-nls --enable-clocale=gnu --enable-libstdcxx-debug --enable-libstdcxx-time=yes --with-default-libstdcxx-abi=new --enable-gnu-unique-object --disable-libquadmath --disable-libquadmath-support --enable-plugin --enable-default-pie --with-system-zlib --with-target-system-zlib=auto --enable-objc-gc=auto --enable-multiarch --disable-werror --with-arch=zEC12 --with-long-double-128 --enable-multilib --enable-checking=release --build=s390x-linux-gnu --host=s390x-linux-gnu --target=s390x-linux-gnu
Thread model: posix
gcc version 9.4.0 (Ubuntu 9.4.0-1ubuntu1~20.04.1) 
COMPILER_PATH=/usr/lib/gcc/s390x-linux-gnu/9/:/usr/lib/gcc/s390x-linux-gnu/9/:/usr/lib/gcc/s390x-linux-gnu/:/usr/lib/gcc/s390x-linux-gnu/9/:/usr/lib/gcc/s390x-linux-gnu/
LIBRARY_PATH=/usr/lib/gcc/s390x-linux-gnu/9/:/usr/lib/gcc/s390x-linux-gnu/9/../../../s390x-linux-gnu/:/usr/lib/gcc/s390x-linux-gnu/9/../../../../lib/:/lib/s390x-linux-gnu/:/lib/../lib/:/usr/lib/s390x-linux-gnu/:/usr/lib/../lib/:/usr/lib/gcc/s390x-linux-gnu/9/../../../:/lib/:/usr/lib/
COLLECT_GCC_OPTIONS='-v' '-o' 'cmTC_4968b' '-shared-libgcc' '-march=zEC12' '-m64' '-mzarch'
 /usr/lib/gcc/s390x-linux-gnu/9/collect2 -plugin /usr/lib/gcc/s390x-linux-gnu/9/liblto_plugin.so -plugin-opt=/usr/lib/gcc/s390x-linux-gnu/9/lto-wrapper -plugin-opt=-fresolution=/tmp/ccPyJGJ1.res -plugin-opt=-pass-through=-lgcc_s -plugin-opt=-pass-through=-lgcc -plugin-opt=-pass-through=-lc -plugin-opt=-pass-through=-lgcc_s -plugin-opt=-pass-through=-lgcc --build-id --eh-frame-hdr -m elf64_s390 --hash-style=gnu --as-needed -dynamic-linker /lib/ld64.so.1 -pie -z now -z relro -o cmTC_4968b /usr/lib/gcc/s390x-linux-gnu/9/../../../s390x-linux-gnu/Scrt1.o /usr/lib/gcc/s390x-linux-gnu/9/../../../s390x-linux-gnu/crti.o /usr/lib/gcc/s390x-linux-gnu/9/crtbeginS.o -L/usr/lib/gcc/s390x-linux-gnu/9 -L/usr/lib/gcc/s390x-linux-gnu/9/../../../s390x-linux-gnu -L/usr/lib/gcc/s390x-linux-gnu/9/../../../../lib -L/lib/s390x-linux-gnu -L/lib/../lib -L/usr/lib/s390x-linux-gnu -L/usr/lib/../lib -L/usr/lib/gcc/s390x-linux-gnu/9/../../.. CMakeFiles/cmTC_4968b.dir/CMakeCXXCompilerABI.cpp.o -lstdc++ -lm -lgcc_s -lgcc -lc -lgcc_s -lgcc /usr/lib/gcc/s390x-linux-gnu/9/crtendS.o /usr/lib/gcc/s390x-linux-gnu/9/../../../s390x-linux-gnu/crtn.o
COLLECT_GCC_OPTIONS='-v' '-o' 'cmTC_4968b' '-shared-libgcc' '-march=zEC12' '-m64' '-mzarch'
make[1]: Leaving directory '/home/leorio/simdutf/builds390/CMakeFiles/CMakeTmp'



Parsed CXX implicit include dir info from above output: rv=done
  found start of include info
  found start of implicit include info
    add: [/usr/include/c++/9]
    add: [/usr/include/s390x-linux-gnu/c++/9]
    add: [/usr/include/c++/9/backward]
    add: [/usr/lib/gcc/s390x-linux-gnu/9/include]
    add: [/usr/local/include]
    add: [/usr/include/s390x-linux-gnu]
    add: [/usr/include]
  end of search list found
  collapse include dir [/usr/include/c++/9] ==> [/usr/include/c++/9]
  collapse include dir [/usr/include/s390x-linux-gnu/c++/9] ==> [/usr/include/s390x-linux-gnu/c++/9]
  collapse include dir [/usr/include/c++/9/backward] ==> [/usr/include/c++/9/backward]
  collapse include dir [/usr/lib/gcc/s390x-linux-gnu/9/include] ==> [/usr/lib/gcc/s390x-linux-gnu/9/include]
  collapse include dir [/usr/local/include] ==> [/usr/local/include]
  collapse include dir [/usr/include/s390x-linux-gnu] ==> [/usr/include/s390x-linux-gnu]
  collapse include dir [/usr/include] ==> [/usr/include]
  implicit include dirs: [/usr/include/c++/9;/usr/include/s390x-linux-gnu/c++/9;/usr/include/c++/9/backward;/usr/lib/gcc/s390x-linux-gnu/9/include;/usr/local/include;/usr/include/s390x-linux-gnu;/usr/include]


Parsed CXX implicit link information from above output:
  link line regex: [^( *|.*[/\])(ld|CMAKE_LINK_STARTFILE-NOTFOUND|([^/\]+-)?ld|collect2)[^/\]*( |$)]
  ignore line: [Change Dir: /home/leorio/simdutf/builds390/CMakeFiles/CMakeTmp]
  ignore line: []
  ignore line: [Run Build Command(s):/usr/bin/make cmTC_4968b/fast && /usr/bin/make -f CMakeFiles/cmTC_4968b.dir/build.make CMakeFiles/cmTC_4968b.dir/build]
  ignore line: [make[1]: Entering directory '/home/leorio/simdutf/builds390/CMakeFiles/CMakeTmp']
  ignore line: [Building CXX object CMakeFiles/cmTC_4968b.dir/CMakeCXXCompilerABI.cpp.o]
  ignore line: [/usr/bin/c++    -v -o CMakeFiles/cmTC_4968b.dir/CMakeCXXCompilerABI.cpp.o -c /usr/share/cmake-3.16/Modules/CMakeCXXCompilerABI.cpp]
  ignore line: [Using built-in specs.]
  ignore line: [COLLECT_GCC=/usr/bin/c++]
  ignore line: [Target: s390x-linux-gnu]
  ignore line: [Configured with: ../src/configure -v --with-pkgversion='Ubuntu 9.4.0-1ubuntu1~20.04.1' --with-bugurl=file:///usr/share/doc/gcc-9/README.Bugs --enable-languages=c ada c++ go d fortran objc obj-c++ gm2 --prefix=/usr --with-gcc-major-version-only --program-suffix=-9 --program-prefix=s390x-linux-gnu- --enable-shared --enable-linker-build-id --libexecdir=/usr/lib --without-included-gettext --enable-threads=posix --libdir=/usr/lib --enable-nls --enable-clocale=gnu --enable-libstdcxx-debug --enable-libstdcxx-time=yes --with-default-libstdcxx-abi=new --enable-gnu-unique-object --disable-libquadmath --disable-libquadmath-support --enable-plugin --enable-default-pie --with-system-zlib --with-target-system-zlib=auto --enable-objc-gc=auto --enable-multiarch --disable-werror --with-arch=zEC12 --with-long-double-128 --enable-multilib --enable-checking=release --build=s390x-linux-gnu --host=s390x-linux-gnu --target=s390x-linux-gnu]
  ignore line: [Thread model: posix]
  ignore line: [gcc version 9.4.0 (Ubuntu 9.4.0-1ubuntu1~20.04.1) ]
  ignore line: [COLLECT_GCC_OPTIONS='-v' '-o' 'CMakeFiles/cmTC_4968b.dir/CMakeCXXCompilerABI.cpp.o' '-c' '-shared-libgcc' '-march=zEC12' '-m64' '-mzarch']
  ignore line: [ /usr/lib/gcc/s390x-linux-gnu/9/cc1plus -quiet -v -imultiarch s390x-linux-gnu -D_GNU_SOURCE /usr/share/cmake-3.16/Modules/CMakeCXXCompilerABI.cpp -quiet -dumpbase CMakeCXXCompilerABI.cpp -march=zEC12 -m64 -mzarch -auxbase-strip CMakeFiles/cmTC_4968b.dir/CMakeCXXCompilerABI.cpp.o -version -fasynchronous-unwind-tables -fstack-protector-strong -Wformat -Wformat-security -fstack-clash-protection -o /tmp/cc2hXBjH.s]
  ignore line: [GNU C++14 (Ubuntu 9.4.0-1ubuntu1~20.04.1) version 9.4.0 (s390x-linux-gnu)]
  ignore line: [	compiled by GNU C version 9.4.0  GMP version 6.2.0  MPFR version 4.0.2  MPC version 1.1.0  isl version isl-0.22.1-GMP]
  ignore line: []
  ignore line: [GGC heuristics: --param ggc-min-expand=100 --param ggc-min-heapsize=131072]
  ignore line: [ignoring duplicate directory "/usr/include/s390x-linux-gnu/c++/9"]
  ignore line: [ignoring nonexistent directory "/usr/local/include/s390x-linux-gnu"]
  ignore line: [ignoring nonexistent directory "/usr/lib/gcc/s390x-linux-gnu/9/include-fixed"]
  ignore line: [ignoring nonexistent directory "/usr/lib/gcc/s390x-linux-gnu/9/../../../../s390x-linux-gnu/include"]
  ignore line: [#include "..." search starts here:]
  ignore line: [#include <...> search starts here:]
  ignore line: [ /usr/include/c++/9]
  ignore line: [ /usr/include/s390x-linux-gnu/c++/9]
  ignore line: [ /usr/include/c++/9/backward]
  ignore line: [ /usr/lib/gcc/s390x-linux-gnu/9/include]
  ignore line: [ /usr/local/include]
  ignore line: [ /usr/include/s390x-linux-gnu]
  ignore line: [ /usr/include]
  ignore line: [End of search list.]
  ignore line: [GNU C++14 (Ubuntu 9.4.0-1ubuntu1~20.04.1) version 9.4.0 (s390x-linux-gnu)]
  ignore line: [	compiled by GNU C version 9.4.0  GMP version 6.2.0  MPFR version 4.0.2  MPC version 1.1.0  isl version isl-0.22.1-GMP]
  ignore line: []
  ignore line: [GGC heuristics: --param ggc-min-expand=100 --param ggc-min-heapsize=131072]
  ignore line: [Compiler executable checksum: 129ff357e02d3a9d5a910bf61baa7388]
  ignore line: [COLLECT_GCC_OPTIONS='-v' '-o' 'CMakeFiles/cmTC_4968b.dir/CMakeCXXCompilerABI.cpp.o' '-c' '-shared-libgcc' '-march=zEC12' '-m64' '-mzarch']
  ignore line: [ as -v -m64 -mzarch -march=zEC12 -o CMakeFiles/cmTC_4968b.dir/CMakeCXXCompilerABI.cpp.o /tmp/cc2hXBjH.s]
  ignore line: [GNU assembler version 2.34 (s390x-linux-gnu) using BFD version (GNU Binutils for Ubuntu) 2.34]
  ignore line: [COMPILER_PATH=/usr/lib/gcc/s390x-linux-gnu/9/:/usr/lib/gcc/s390x-linux-gnu/9/:/usr/lib/gcc/s390x-linux-gnu/:/usr/lib/gcc/s390x-linux-gnu/9/:/usr/lib/gcc/s390x-linux-gnu/]
  ignore line: [LIBRARY_PATH=/usr/lib/gcc/s390x-linux-gnu/9/:/usr/lib/gcc/s390x-linux-gnu/9/../../../s390x-linux-gnu/:/usr/lib/gcc/s390x-linux-gnu/9/../../../../lib/:/lib/s390x-linux-gnu/:/lib/../lib/:/usr/lib/s390x-linux-gnu/:/usr/lib/../lib/:/usr/lib/gcc/s390x-linux-gnu/9/../../../:/lib/:/usr/lib/]
  ignore line: [COLLECT_GCC_OPTIONS='-v' '-o' 'CMakeFiles/cmTC_4968b.dir/CMakeCXXCompilerABI.cpp.o' '-c' '-shared-libgcc' '-march=zEC12' '-m64' '-mzarch']
  ignore line: [Linking CXX executable cmTC_4968b]
  ignore line: [/usr/bin/cmake -E cmake_link_script CMakeFiles/cmTC_4968b.dir/link.txt --verbose=1]
  ignore line: [/usr/bin/c++      -v CMakeFiles/cmTC_4968b.dir/CMakeCXXCompilerABI.cpp.o  -o cmTC_4968b ]
  ignore line: [Using built-in specs.]
  ignore line: [COLLECT_GCC=/usr/bin/c++]
  ignore line: [COLLECT_LTO_WRAPPER=/usr/lib/gcc/s390x-linux-gnu/9/lto-wrapper]
  ignore line: [Target: s390x-linux-gnu]
  ignore line: [Configured with: ../src/configure -v --with-pkgversion='Ubuntu 9.4.0-1ubuntu1~20.04.1' --with-bugurl=file:///usr/share/doc/gcc-9/README.Bugs --enable-languages=c ada c++ go d fortran objc obj-c++ gm2 --prefix=/usr --with-gcc-major-version-only --program-suffix=-9 --program-prefix=s390x-linux-gnu- --enable-shared --enable-linker-build-id --libexecdir=/usr/lib --without-included-gettext --enable-threads=posix --libdir=/usr/lib --enable-nls --enable-clocale=gnu --enable-libstdcxx-debug --enable-libstdcxx-time=yes --with-default-libstdcxx-abi=new --enable-gnu-unique-object --disable-libquadmath --disable-libquadmath-support --enable-plugin --enable-default-pie --with-system-zlib --with-target-system-zlib=auto --enable-objc-gc=auto --enable-multiarch --disable-werror --with-arch=zEC12 --with-long-double-128 --enable-multilib --enable-checking=release --build=s390x-linux-gnu --host=s390x-linux-gnu --target=s390x-linux-gnu]
  ignore line: [Thread model: posix]
  ignore line: [gcc version 9.4.0 (Ubuntu 9.4.0-1ubuntu1~20.04.1) ]
  ignore line: [COMPILER_PATH=/usr/lib/gcc/s390x-linux-gnu/9/:/usr/lib/gcc/s390x-linux-gnu/9/:/usr/lib/gcc/s390x-linux-gnu/:/usr/lib/gcc/s390x-linux-gnu/9/:/usr/lib/gcc/s390x-linux-gnu/]
  ignore line: [LIBRARY_PATH=/usr/lib/gcc/s390x-linux-gnu/9/:/usr/lib/gcc/s390x-linux-gnu/9/../../../s390x-linux-gnu/:/usr/lib/gcc/s390x-linux-gnu/9/../../../../lib/:/lib/s390x-linux-gnu/:/lib/../lib/:/usr/lib/s390x-linux-gnu/:/usr/lib/../lib/:/usr/lib/gcc/s390x-linux-gnu/9/../../../:/lib/:/usr/lib/]
  ignore line: [COLLECT_GCC_OPTIONS='-v' '-o' 'cmTC_4968b' '-shared-libgcc' '-march=zEC12' '-m64' '-mzarch']
  link line: [ /usr/lib/gcc/s390x-linux-gnu/9/collect2 -plugin /usr/lib/gcc/s390x-linux-gnu/9/liblto_plugin.so -plugin-opt=/usr/lib/gcc/s390x-linux-gnu/9/lto-wrapper -plugin-opt=-fresolution=/tmp/ccPyJGJ1.res -plugin-opt=-pass-through=-lgcc_s -plugin-opt=-pass-through=-lgcc -plugin-opt=-pass-through=-lc -plugin-opt=-pass-through=-lgcc_s -plugin-opt=-pass-through=-lgcc --build-id --eh-frame-hdr -m elf64_s390 --hash-style=gnu --as-needed -dynamic-linker /lib/ld64.so.1 -pie -z now -z relro -o cmTC_4968b /usr/lib/gcc/s390x-linux-gnu/9/../../../s390x-linux-gnu/Scrt1.o /usr/lib/gcc/s390x-linux-gnu/9/../../../s390x-linux-gnu/crti.o /usr/lib/gcc/s390x-linux-gnu/9/crtbeginS.o -L/usr/lib/gcc/s390x-linux-gnu/9 -L/usr/lib/gcc/s390x-linux-gnu/9/../../../s390x-linux-gnu -L/usr/lib/gcc/s390x-linux-gnu/9/../../../../lib -L/lib/s390x-linux-gnu -L/lib/../lib -L/usr/lib/s390x-linux-gnu -L/usr/lib/../lib -L/usr/lib/gcc/s390x-linux-gnu/9/../../.. CMakeFiles/cmTC_4968b.dir/CMakeCXXCompilerABI.cpp.o -lstdc++ -lm -lgcc_s -lgcc -lc -lgcc_s -lgcc /usr/lib/gcc/s390x-linux-gnu/9/crtendS.o /usr/lib/gcc/s390x-linux-gnu/9/../../../s390x-linux-gnu/crtn.o]
    arg [/usr/lib/gcc/s390x-linux-gnu/9/collect2] ==> ignore
    arg [-plugin] ==> ignore
    arg [/usr/lib/gcc/s390x-linux-gnu/9/liblto_plugin.so] ==> ignore
    arg [-plugin-opt=/usr/lib/gcc/s390x-linux-gnu/9/lto-wrapper] ==> ignore
    arg [-plugin-opt=-fresolution=/tmp/ccPyJGJ1.res] ==> ignore
    arg [-plugin-opt=-pass-through=-lgcc_s] ==> ignore
    arg [-plugin-opt=-pass-through=-lgcc] ==> ignore
    arg [-plugin-opt=-pass-through=-lc] ==> ignore
    arg [-plugin-opt=-pass-through=-lgcc_s] ==> ignore
    arg [-plugin-opt=-pass-through=-lgcc] ==> ignore
    arg [--build-id] ==> ignore
    arg [--eh-frame-hdr] ==> ignore
    arg [-m] ==> ignore
    arg [elf64_s390] ==> ignore
    arg [--hash-style=gnu] ==> ignore
    arg [--as-needed] ==> ignore
    arg [-dynamic-linker] ==> ignore
    arg [/lib/ld64.so.1] ==> ignore
    arg [-pie] ==> ignore
    arg [-znow] ==> ignore
    arg [-zrelro] ==> ignore
    arg [-o] ==> ignore
    arg [cmTC_4968b] ==> ignore
    arg [/usr/lib/gcc/s390x-linux-gnu/9/../../../s390x-linux-gnu/Scrt1.o] ==> ignore
    arg [/usr/lib/gcc/s390x-linux-gnu/9/../../../s390x-linux-gnu/crti.o] ==> ignore
    arg [/usr/lib/gcc/s390x-linux-gnu/9/crtbeginS.o] ==> ignore
    arg [-L/usr/lib/gcc/s390x-linux-gnu/9] ==> dir [/usr/lib/gcc/s390x-linux-gnu/9]
    arg [-L/usr/lib/gcc/s390x-linux-gnu/9/../../../s390x-linux-gnu] ==> dir [/usr/lib/gcc/s390x-linux-gnu/9/../../../s390x-linux-gnu]
    arg [-L/usr/lib/gcc/s390x-linux-gnu/9/../../../../lib] ==> dir [/usr/lib/gcc/s390x-linux-gnu/9/../../../../lib]
    arg [-L/lib/s390x-linux-gnu] ==> dir [/lib/s390x-linux-gnu]
    arg [-L/lib/../lib] ==> dir [/lib/../lib]
    arg [-L/usr/lib/s390x-linux-gnu] ==> dir [/usr/lib/s390x-linux-gnu]
    arg [-L/usr/lib/../lib] ==> dir [/usr/lib/../lib]
    arg [-L/usr/lib/gcc/s390x-linux-gnu/9/../../..] ==> dir [/usr/lib/gcc/s390x-linux-gnu/9/../../..]
    arg [CMakeFiles/cmTC_4968b.dir/CMakeCXXCompilerABI.cpp.o] ==> ignore
    arg [-lstdc++] ==> lib [stdc++]
    arg [-lm] ==> lib [m]
    arg [-lgcc_s] ==> lib [gcc_s]
    arg [-lgcc] ==> lib [gcc]
    arg [-lc] ==> lib [c]
    arg [-lgcc_s] ==> lib [gcc_s]
    arg [-lgcc] ==> lib [gcc]
    arg [/usr/lib/gcc/s390x-linux-gnu/9/crtendS.o] ==> ignore
    arg [/usr/lib/gcc/s390x-linux-gnu/9/../../../s390x-linux-gnu/crtn.o] ==> ignore
  collapse library dir [/usr/lib/gcc/s390x-linux-gnu/9] ==> [/usr/lib/gcc/s390x-linux-gnu/9]
  collapse library dir [/usr/lib/gcc/s390x-linux-gnu/9/../../../s390x-linux-gnu] ==> [/usr/lib/s390x-linux-gnu]
  collapse library dir [/usr/lib/gcc/s390x-linux-gnu/9/../../../../lib] ==> [/usr/lib]
  collapse library dir [/lib/s390x-linux-gnu] ==> [/lib/s390x-linux-gnu]
  collapse library dir [/lib/../lib] ==> [/lib]
  collapse library dir [/usr/lib/s390x-linux-gnu] ==> [/usr/lib/s390x-linux-gnu]
  collapse library dir [/usr/lib/../lib] ==> [/usr/lib]
  collapse library dir [/usr/lib/gcc/s390x-linux-gnu/9/../../..] ==> [/usr/lib]
  implicit libs: [stdc++;m;gcc_s;gcc;c;gcc_s;gcc]
  implicit dirs: [/usr/lib/gcc/s390x-linux-gnu/9;/usr/lib/s390x-linux-gnu;/usr/lib;/lib/s390x-linux-gnu;/lib]
  implicit fwks: []


Determining if the include file sys/types.h exists passed with the following output:
Change Dir: /home/leorio/simdutf/builds390/CMakeFiles/CMakeTmp

Run Build Command(s):/usr/bin/make cmTC_a03bd/fast && /usr/bin/make -f CMakeFiles/cmTC_a03bd.dir/build.make CMakeFiles/cmTC_a03bd.dir/build
make[1]: Entering directory '/home/leorio/simdutf/builds390/CMakeFiles/CMakeTmp'
Building CXX object CMakeFiles/cmTC_a03bd.dir/CheckIncludeFile.cxx.o
/usr/bin/c++     -o CMakeFiles/cmTC_a03bd.dir/CheckIncludeFile.cxx.o -c /home/leorio/simdutf/builds390/CMakeFiles/CMakeTmp/CheckIncludeFile.cxx
Linking CXX executable cmTC_a03bd
/usr/bin/cmake -E cmake_link_script CMakeFiles/cmTC_a03bd.dir/link.txt --verbose=1
/usr/bin/c++       CMakeFiles/cmTC_a03bd.dir/CheckIncludeFile.cxx.o  -o cmTC_a03bd 
make[1]: Leaving directory '/home/leorio/simdutf/builds390/CMakeFiles/CMakeTmp'



Determining if the include file stdint.h exists passed with the following output:
Change Dir: /home/leorio/simdutf/builds390/CMakeFiles/CMakeTmp

Run Build Command(s):/usr/bin/make cmTC_d3140/fast && /usr/bin/make -f CMakeFiles/cmTC_d3140.dir/build.make CMakeFiles/cmTC_d3140.dir/build
make[1]: Entering directory '/home/leorio/simdutf/builds390/CMakeFiles/CMakeTmp'
Building CXX object CMakeFiles/cmTC_d3140.dir/CheckIncludeFile.cxx.o
/usr/bin/c++     -o CMakeFiles/cmTC_d3140.dir/CheckIncludeFile.cxx.o -c /home/leorio/simdutf/builds390/CMakeFiles/CMakeTmp/CheckIncludeFile.cxx
Linking CXX executable cmTC_d3140
/usr/bin/cmake -E cmake_link_script CMakeFiles/cmTC_d3140.dir/link.txt --verbose=1
/usr/bin/c++       CMakeFiles/cmTC_d3140.dir/CheckIncludeFile.cxx.o  -o cmTC_d3140 
make[1]: Leaving directory '/home/leorio/simdutf/builds390/CMakeFiles/CMakeTmp'



Determining if the include file stddef.h exists passed with the following output:
Change Dir: /home/leorio/simdutf/builds390/CMakeFiles/CMakeTmp

Run Build Command(s):/usr/bin/make cmTC_91147/fast && /usr/bin/make -f CMakeFiles/cmTC_91147.dir/build.make CMakeFiles/cmTC_91147.dir/build
make[1]: Entering directory '/home/leorio/simdutf/builds390/CMakeFiles/CMakeTmp'
Building CXX object CMakeFiles/cmTC_91147.dir/CheckIncludeFile.cxx.o
/usr/bin/c++     -o CMakeFiles/cmTC_91147.dir/CheckIncludeFile.cxx.o -c /home/leorio/simdutf/builds390/CMakeFiles/CMakeTmp/CheckIncludeFile.cxx
Linking CXX executable cmTC_91147
/usr/bin/cmake -E cmake_link_script CMakeFiles/cmTC_91147.dir/link.txt --verbose=1
/usr/bin/c++       CMakeFiles/cmTC_91147.dir/CheckIncludeFile.cxx.o  -o cmTC_91147 
make[1]: Leaving directory '/home/leorio/simdutf/builds390/CMakeFiles/CMakeTmp'



Determining size of unsigned short passed with the following output:
Change Dir: /home/leorio/simdutf/builds390/CMakeFiles/CMakeTmp

Run Build Command(s):/usr/bin/make cmTC_3bf4c/fast && /usr/bin/make -f CMakeFiles/cmTC_3bf4c.dir/build.make CMakeFiles/cmTC_3bf4c.dir/build
make[1]: Entering directory '/home/leorio/simdutf/builds390/CMakeFiles/CMakeTmp'
Building CXX object CMakeFiles/cmTC_3bf4c.dir/CMAKE_SIZEOF_UNSIGNED_SHORT.cpp.o
/usr/bin/c++     -o CMakeFiles/cmTC_3bf4c.dir/CMAKE_SIZEOF_UNSIGNED_SHORT.cpp.o -c /home/leorio/simdutf/builds390/CMakeFiles/CheckTypeSize/CMAKE_SIZEOF_UNSIGNED_SHORT.cpp
Linking CXX executable cmTC_3bf4c
/usr/bin/cmake -E cmake_link_script CMakeFiles/cmTC_3bf4c.dir/link.txt --verbose=1
/usr/bin/c++       CMakeFiles/cmTC_3bf4c.dir/CMAKE_SIZEOF_UNSIGNED_SHORT.cpp.o  -o cmTC_3bf4c 
make[1]: Leaving directory '/home/leorio/simdutf/builds390/CMakeFiles/CMakeTmp'



Determining if the system is big endian passed with the following output:
Change Dir: /home/leorio/simdutf/builds390/CMakeFiles/CMakeTmp

Run Build Command(s):/usr/bin/make cmTC_217b0/fast && /usr/bin/make -f CMakeFiles/cmTC_217b0.dir/build.make CMakeFiles/cmTC_217b0.dir/build
make[1]: Entering directory '/home/leorio/simdutf/builds390/CMakeFiles/CMakeTmp'
Building CXX object CMakeFiles/cmTC_217b0.dir/TestEndianess.cpp.o
/usr/bin/c++     -o CMakeFiles/cmTC_217b0.dir/TestEndianess.cpp.o -c /home/leorio/simdutf/builds390/CMakeFiles/CMakeTmp/TestEndianess.cpp
Linking CXX executable cmTC_217b0
/usr/bin/cmake -E cmake_link_script CMakeFiles/cmTC_217b0.dir/link.txt --verbose=1
/usr/bin/c++       CMakeFiles/cmTC_217b0.dir/TestEndianess.cpp.o  -o cmTC_217b0 
make[1]: Leaving directory '/home/leorio/simdutf/builds390/CMakeFiles/CMakeTmp'


TestEndianess.c:
/* A 16 bit integer is required. */
typedef unsigned short cmakeint16;

/* On a little endian machine, these 16bit ints will give "THIS IS LITTLE ENDIAN."
   On a big endian machine the characters will be exchanged pairwise. */
const cmakeint16 info_little[] =  {0x4854, 0x5349, 0x4920, 0x2053, 0x494c, 0x5454, 0x454c, 0x4520, 0x444e, 0x4149, 0x2e4e, 0x0000};

/* on a big endian machine, these 16bit ints will give "THIS IS BIG ENDIAN."
   On a little endian machine the characters will be exchanged pairwise. */
const cmakeint16 info_big[] =     {0x5448, 0x4953, 0x2049, 0x5320, 0x4249, 0x4720, 0x454e, 0x4449, 0x414e, 0x2e2e, 0x0000};

#ifdef __CLASSIC_C__
int main(argc, argv) int argc; char *argv[];
#else
int main(int argc, char *argv[])
#endif
{
  int require = 0;
  require += info_little[argc];
  require += info_big[argc];
  (void)argv;
  return require;
}


Performing C++ SOURCE FILE Test Iconv_IS_BUILT_IN succeeded with the following output:
Change Dir: /home/leorio/simdutf/builds390/CMakeFiles/CMakeTmp

Run Build Command(s):/usr/bin/make cmTC_bc86c/fast && /usr/bin/make -f CMakeFiles/cmTC_bc86c.dir/build.make CMakeFiles/cmTC_bc86c.dir/build
make[1]: Entering directory '/home/leorio/simdutf/builds390/CMakeFiles/CMakeTmp'
Building CXX object CMakeFiles/cmTC_bc86c.dir/src.cxx.o
/usr/bin/c++    -DIconv_IS_BUILT_IN   -std=c++11 -o CMakeFiles/cmTC_bc86c.dir/src.cxx.o -c /home/leorio/simdutf/builds390/CMakeFiles/CMakeTmp/src.cxx
Linking CXX executable cmTC_bc86c
/usr/bin/cmake -E cmake_link_script CMakeFiles/cmTC_bc86c.dir/link.txt --verbose=1
/usr/bin/c++   -DIconv_IS_BUILT_IN    CMakeFiles/cmTC_bc86c.dir/src.cxx.o  -o cmTC_bc86c 
make[1]: Leaving directory '/home/leorio/simdutf/builds390/CMakeFiles/CMakeTmp'


Source file was:

      #include <stddef.h>
      #include <iconv.h>
      int main() {
        char *a, *b;
        size_t i, j;
        iconv_t ic;
        ic = iconv_open("to", "from");
        iconv(ic, &a, &i, &b, &j);
        iconv_close(ic);
      }
      
